<?xml version="1.0" encoding="UTF-8"?>
<!-- Generated by org.testng.reporters.JUnitReportReporter -->
<testsuite skipped="0" hostname="Jayashrees-MacBook-Air.local" name="com.inetbanking.testCases.TC_LoginTest_001_test" tests="1" failures="0" timestamp="2021-12-01T20:51:33 IST" time="2.726" errors="0">
  <testcase name="loginTest" time="2.726" classname="com.inetbanking.testCases.TC_LoginTest_001_test"/>
  <system-out/>
</testsuite> <!-- com.inetbanking.testCases.TC_LoginTest_001_test -->
